


ARM Macro Assembler    Page 1 


    1 00000000                 AREA             appcode, CODE, READONLY
    2 00000000         ; IMPORT main
    3 00000000         ; IMPORT main2
    4 00000000         ;IMPORT printMsg
    5 00000000                 EXPORT           __main1
    6 00000000                 ENTRY
    7 00000000         __main1 FUNCTION
    8 00000000         ; BL main
    9 00000000 4826            LDR              R0,=0x200000E0
   10 00000002 6801            LDR              R1,[R0]
   11 00000004 4A26            LDR              R2,=0x200000E4
   12 00000006 6813            LDR              R3,[R2]
   13 00000008 4C26            LDR              R4,=0x200000E8
   14 0000000A F8D4 B000       LDR              R11,[R4]
   15 0000000E EE00 1A90       VMOV.F32         S1,R1
   16 00000012 EE01 3A10       VMOV.F32         S2,R3
   17 00000016 EE01 BA90       VMOV.F32         S3,R11
   18 0000001A         
   19 0000001A         ;VCVT.F32.S32 S1,S1
   20 0000001A         ;VCVT.F32.S32 S2,S2
   21 0000001A         ;VCVT.F32.S32 S3,S3
   22 0000001A         
   23 0000001A EE81 0A21       VDIV.F32         S0,S2,S3
   24 0000001E         
   25 0000001E         ;VLDR.F32 s0,=0.5;x
   26 0000001E EDDF 0A22       VLDR.F32         s1,=0       ;s1 has answer
   27 00000022 F04F 0A02       MOV              R10,#2      ;const 2
   28 00000026 F04F 0500       MOV              R5,#0       ;i in int
   29 0000002A FB05 F60A 
                       loop    MUL              R6,R5,R10   ;2*i;
   30 0000002E F106 0701       ADD              R7,R6,#1    ;2*i+1;--->n
   31 00000032 F005 0801       AND              R8,R5,#1    ;if i is odd R8=1
   32 00000036 F1B8 0F00       CMP              R8,#0       ;
   33 0000003A D028            BEQ              even
   34 0000003C E02A            B                odd
   35 0000003E 46B9    mark    MOV              R9,R7       ;
   36 00000040 EEF0 1A40       VMOV.F32         s3,s0       ;
   37 00000044 F1B9 0F01       CMP              R9,#1       ;
   38 00000048 D006            BEQ              mark2       ;
   39 0000004A EE61 1A80 
                       mark1   VMUL.F32         s3,s3,s0    ;
   40 0000004E F1A9 0901       SUB              R9,R9,#1    ;
   41 00000052 F1B9 0F01       CMP              R9,#1       ;
   42 00000056 D1F8            BNE              mark1       ;
   43 00000058         
   44 00000058 EE02 7A10 
                       mark2   VMOV.F32         s4,R7       ;   convert n(R7) t
                                                            o float 
   45 0000005C EEB8 2A42       VCVT.F32.U32     s4,s4       ;
   46 00000060 EEC1 2A82       VDIV.F32         s5,s3,s4    ;(pow(x,n)/n)
   47 00000064 EE82 3A81       VDIV.F32         s6,s5,s2    ;(pow(x,n)/n)*c
   48 00000068 EE70 0A83       VADD.F32         s1,s1,s6    ;
   49 0000006C F105 0501       ADD              R5,R5,#1    ;
   50 00000070 2D03            CMP              R5,#3       ;    i till 4
   51 00000072 D1DA            BNE              loop
   52 00000074 EDDF 3A0D       VLDR.F32         S7,=180
   53 00000078 ED9F 4A0D       VLDR.F32         S8,=3.14159
   54 0000007C EE60 0AA3       VMUL.F32         S1,S1,S7
   55 00000080 EEC0 0A84       VDIV.F32         S1,S1,S8



ARM Macro Assembler    Page 2 


   56 00000084 EE10 0A90       VMOV.F32         R0,S1
   57 00000088 465A            MOV              R2,R11
   58 0000008A 4663            MOV              R3,R12
   59 0000008C         ;BL printMsg
   60 0000008C E005            B                stop
   61 0000008E         
   62 0000008E         
   63 0000008E         
   64 0000008E EEB7 1A00 
                       even    VLDR.F32         s2,=1       ;c
   65 00000092 E7D4            B                mark
   66 00000094 EEBF 1A00 
                       odd     VLDR.F32         s2,=-1      ;c
   67 00000098 E7D1            B                mark
   68 0000009A         
   69 0000009A         
   70 0000009A 4770    stop    BX               lr
   71 0000009C         ;stop B stop ; stop program
   72 0000009C                 ENDFUNC
   73 0000009C                 END
              200000E0 
              200000E4 
              200000E8 
              00000000 
              43340000 
              40490FD0 
Command Line: --debug --xref --diag_suppress=9931 --cpu=Cortex-M4.fp --apcs=int
erwork --depend="lis 3dsh\first.d" -o"lis 3dsh\first.o" -I.\RTE\_LIS_3DSH -IC:\
Users\Praneeth\AppData\Local\Arm\Packs\ARM\CMSIS\5.5.1\CMSIS\Core\Include -IC:\
Users\Praneeth\AppData\Local\Arm\Packs\Keil\STM32F4xx_DFP\2.14.0\Drivers\CMSIS\
Device\ST\STM32F4xx\Include --predefine="__EVAL SETA 1" --predefine="__MICROLIB
 SETA 1" --predefine="__UVISION_VERSION SETA 528" --predefine="_RTE_ SETA 1" --
predefine="STM32F407xx SETA 1" --list=first.lst first.s



ARM Macro Assembler    Page 1 Alphabetic symbol ordering
Relocatable symbols

__main1 00000000

Symbol: __main1
   Definitions
      At line 7 in file first.s
   Uses
      At line 5 in file first.s
Comment: __main1 used once
appcode 00000000

Symbol: appcode
   Definitions
      At line 1 in file first.s
   Uses
      None
Comment: appcode unused
even 0000008E

Symbol: even
   Definitions
      At line 64 in file first.s
   Uses
      At line 33 in file first.s
Comment: even used once
loop 0000002A

Symbol: loop
   Definitions
      At line 29 in file first.s
   Uses
      At line 51 in file first.s
Comment: loop used once
mark 0000003E

Symbol: mark
   Definitions
      At line 35 in file first.s
   Uses
      At line 65 in file first.s
      At line 67 in file first.s

mark1 0000004A

Symbol: mark1
   Definitions
      At line 39 in file first.s
   Uses
      At line 42 in file first.s
Comment: mark1 used once
mark2 00000058

Symbol: mark2
   Definitions
      At line 44 in file first.s
   Uses
      At line 38 in file first.s
Comment: mark2 used once
odd 00000094




ARM Macro Assembler    Page 2 Alphabetic symbol ordering
Relocatable symbols

Symbol: odd
   Definitions
      At line 66 in file first.s
   Uses
      At line 34 in file first.s
Comment: odd used once
stop 0000009A

Symbol: stop
   Definitions
      At line 70 in file first.s
   Uses
      At line 60 in file first.s
Comment: stop used once
9 symbols
347 symbols in table
